 Coluna :       1001 ,        132   ->         333       2344       1176
 Coluna :       1521 ,        132   ->         412       2344       1176
 Coluna :       1521 ,        132   ->         412       2344       1176
 Coluna :       1996 ,        132   ->         758       2344       1176
 Coluna :        185 ,        132   ->           3       2344       1176
 Coluna :        185 ,        132   ->           3       2344       1176
 Coluna :        246 ,        132   ->          64       2344       1176
 Coluna :        246 ,        132   ->          64       2344       1176
 Coluna :        264 ,        132   ->          82       2344       1176
 Coluna :        264 ,        132   ->          82       2344       1176
 Coluna :        281 ,        132   ->          99       2344       1176
 Coluna :        281 ,        132   ->          99       2344       1176
 Coluna :        294 ,        132   ->         112       2344       1176
 Coluna :        294 ,        132   ->         112       2344       1176
 Coluna :        314 ,        132   ->         132       2344       1176
 Coluna :        314 ,        132   ->         132       2344       1176
 Coluna :        340 ,        132   ->         158       2344       1176
 Coluna :        340 ,        132   ->         158       2344       1176
 Coluna :        385 ,        132   ->         203       2344       1176
 Coluna :        385 ,        132   ->         203       2344       1176
 Coluna :        421 ,        132   ->         239       2344       1176
 Coluna :        421 ,        132   ->         239       2344       1176
 Coluna :        458 ,        132   ->         276       2344       1176
 Coluna :        458 ,        132   ->         276       2344       1176
 Coluna :        486 ,        132   ->         304       2344       1176
 Coluna :        486 ,        132   ->         304       2344       1176
 Coluna :        524 ,        132   ->         342       2344       1176
 Coluna :        524 ,        132   ->         342       2344       1176
 Coluna :        561 ,        132   ->         379       2344       1176
 Coluna :        561 ,        132   ->         379       2344       1176
 Coluna :        610 ,        132   ->         428       2344       1176
 Coluna :        610 ,        132   ->         428       2344       1176
 Coluna :        644 ,        132   ->         462       2344       1176
 Coluna :        644 ,        132   ->         462       2344       1176
 Coluna :        653 ,        132   ->         471       2344       1176
 Coluna :        653 ,        132   ->         471       2344       1176
 Coluna :        682 ,        132   ->         500       2344       1176
 Coluna :        682 ,        132   ->         500       2344       1176
 Coluna :        694 ,        132   ->         512       2344       1176
 Coluna :        694 ,        132   ->         512       2344       1176
 Coluna :        714 ,        132   ->         532       2344       1176
 Coluna :        714 ,        132   ->         532       2344       1176
 Coluna :        724 ,        132   ->         542       2344       1176
 Coluna :        724 ,        132   ->         542       2344       1176
 Coluna :        735 ,        132   ->         553       2344       1176
 Coluna :        735 ,        132   ->         553       2344       1176
 Coluna :        744 ,        132   ->         562       2344       1176
 Coluna :        744 ,        132   ->         562       2344       1176
 Coluna :        764 ,        132   ->         582       2344       1176
 Coluna :        764 ,        132   ->         582       2344       1176
 Coluna :        775 ,        132   ->         593       2344       1176
 Coluna :        775 ,        132   ->         593       2344       1176
 Coluna :        783 ,        132   ->         601       2344       1176
 Coluna :        783 ,        132   ->         601       2344       1176
 Coluna :        791 ,        132   ->         609       2344       1176
 Coluna :        791 ,        132   ->         609       2344       1176
 Coluna :        807 ,        132   ->         625       2344       1176
 Coluna :        807 ,        132   ->         625       2344       1176
 Coluna :        828 ,        132   ->         646       2344       1176
 Coluna :        828 ,        132   ->         646       2344       1176
 Coluna :        851 ,        132   ->         669       2344       1176
 Coluna :        851 ,        132   ->         669       2344       1176
 Coluna :        885 ,        132   ->         703       2344       1176
 Coluna :        885 ,        132   ->         703       2344       1176
 Coluna :        932 ,        132   ->         750       2344       1176
 Coluna :        932 ,        132   ->         750       2344       1176
 Coluna :        957 ,        132   ->         775       2344       1176
 Coluna :        957 ,        132   ->         775       2344       1176
 Coluna :        990 ,        132   ->         808       2344       1176
 Coluna :        990 ,        132   ->         808       2344       1176
 Coluna :       1008 ,        132   ->         826       2344       1176
 Coluna :       1008 ,        132   ->         826       2344       1176
 Coluna :       1013 ,        132   ->         831       2344       1176
 Coluna :       1013 ,        132   ->         831       2344       1176
 Coluna :       1021 ,        132   ->         839       2344       1176
 Coluna :       1021 ,        132   ->         839       2344       1176
 Coluna :       1023 ,        132   ->         841       2344       1176
 Coluna :       1023 ,        132   ->         841       2344       1176
 Coluna :       1044 ,        132   ->         862       2344       1176
 Coluna :       1044 ,        132   ->         862       2344       1176
 Coluna :       1054 ,        132   ->         872       2344       1176
 Coluna :       1054 ,        132   ->         872       2344       1176
 Coluna :       1064 ,        132   ->         882       2344       1176
 Coluna :       1064 ,        132   ->         882       2344       1176
 Coluna :       1076 ,        132   ->         894       2344       1176
 Coluna :       1076 ,        132   ->         894       2344       1176
 Coluna :       1092 ,        132   ->         910       2344       1176
 Coluna :       1092 ,        132   ->         910       2344       1176
 Coluna :       1117 ,        132   ->         935       2344       1176
 Coluna :       1117 ,        132   ->         935       2344       1176
 Coluna :       1146 ,        132   ->         964       2344       1176
 Coluna :       1146 ,        132   ->         964       2344       1176
 Coluna :       1156 ,        132   ->         974       2344       1176
 Coluna :       1156 ,        132   ->         974       2344       1176
 Coluna :       1171 ,        132   ->         989       2344       1176
 Coluna :       1171 ,        132   ->         989       2344       1176
 Coluna :       1187 ,        132   ->        1005       2344       1176
 Coluna :       1187 ,        132   ->        1005       2344       1176
 Coluna :       1193 ,        132   ->        1011       2344       1176
 Coluna :       1193 ,        132   ->        1011       2344       1176
 Coluna :       1195 ,        132   ->        1013       2344       1176
 Coluna :       1195 ,        132   ->        1013       2344       1176
 Coluna :       1203 ,        132   ->        1021       2344       1176
 Coluna :       1271 ,        132   ->         377       2344       1176
 Coluna :       1001 ,        132   ->         203       2344       1176
 Coluna :       1001 ,        132   ->         141       2344       1176
 Coluna :       1001 ,        132   ->         141       2344       1176
 Coluna :       1001 ,        132   ->         141       2344       1176
 Coluna :       1271 ,        132   ->         411       2344       1176
 Coluna :       1271 ,        132   ->         411       2344       1176
 Coluna :       1271 ,        132   ->         411       2344       1176
 Coluna :       1271 ,        132   ->         411       2344       1176
 Coluna :       1271 ,        132   ->         411       2344       1176
 Coluna :       1271 ,        132   ->         411       2344       1176
 Coluna :       1271 ,        132   ->         411       2344       1176
 Coluna :       1271 ,        132   ->        1089       2344       1176
 Coluna :        185 ,        132   ->           3       2344       1176
 Coluna :        185 ,        132   ->           3       2344       1176
 Coluna :        185 ,        132   ->           3       2344       1176
 Coluna :        185 ,        132   ->           3       2344       1176
 Coluna :        248 ,        132   ->          66       2344       1176
 Coluna :        248 ,        132   ->          66       2344       1176
 Coluna :        438 ,        132   ->         256       2344       1176
 Coluna :        444 ,        132   ->         262       2344       1176
 Coluna :        444 ,        132   ->         262       2344       1176
 Coluna :        467 ,        132   ->         285       2344       1176
 Coluna :        467 ,        132   ->         285       2344       1176
 Coluna :        494 ,        132   ->         312       2344       1176
 Coluna :        494 ,        132   ->         312       2344       1176
 Coluna :        529 ,        132   ->         347       2344       1176
 Coluna :        529 ,        132   ->         347       2344       1176
 Coluna :        560 ,        132   ->         378       2344       1176
 Coluna :        560 ,        132   ->         378       2344       1176
 Coluna :        605 ,        132   ->         423       2344       1176
 Coluna :        605 ,        132   ->         423       2344       1176
 Coluna :        644 ,        132   ->         462       2344       1176
 Coluna :        644 ,        132   ->         462       2344       1176
 Coluna :        682 ,        132   ->         500       2344       1176
 Coluna :        682 ,        132   ->         500       2344       1176
 Coluna :        745 ,        132   ->         563       2344       1176
 Coluna :        745 ,        132   ->         563       2344       1176
 Coluna :        797 ,        132   ->         615       2344       1176
 Coluna :        797 ,        132   ->         615       2344       1176
 Coluna :        822 ,        132   ->         640       2344       1176
 Coluna :        822 ,        132   ->         640       2344       1176
 Coluna :        839 ,        132   ->         657       2344       1176
 Coluna :        839 ,        132   ->         657       2344       1176
 Coluna :        867 ,        132   ->         685       2344       1176
 Coluna :        867 ,        132   ->         685       2344       1176
 Coluna :        908 ,        132   ->         726       2344       1176
 Coluna :        908 ,        132   ->         726       2344       1176
 Coluna :        944 ,        132   ->         762       2344       1176
 Coluna :        944 ,        132   ->         762       2344       1176
 Coluna :       1014 ,        132   ->         832       2344       1176
 Coluna :       1014 ,        132   ->         832       2344       1176
 Coluna :       1087 ,        132   ->         905       2344       1176
 Coluna :       1091 ,        132   ->         909       2344       1176
 Coluna :       1091 ,        132   ->         909       2344       1176
 Coluna :       1111 ,        132   ->         929       2344       1176
 Coluna :       1111 ,        132   ->         929       2344       1176
 Coluna :       1124 ,        132   ->         942       2344       1176
 Coluna :       1124 ,        132   ->         942       2344       1176
 Coluna :       1137 ,        132   ->         955       2344       1176
 Coluna :       1137 ,        132   ->         955       2344       1176
 Coluna :       1143 ,        132   ->         961       2344       1176
 Coluna :       1143 ,        132   ->         961       2344       1176
 Coluna :       1158 ,        132   ->         976       2344       1176
 Coluna :       1158 ,        132   ->         976       2344       1176
 Coluna :       1158 ,        132   ->         976       2344       1176
 Coluna :       1152 ,        132   ->         970       2344       1176
