 col screen to cliente        368 col ini :        819  largura  270  scorrlbar        616
 col screen to cliente        372 col ini :        819  largura  270  scorrlbar        616
 col screen to cliente        373 col ini :        819  largura  270  scorrlbar        616
 col screen to cliente        374 col ini :        819  largura  270  scorrlbar        616
 col screen to cliente        375 col ini :        819  largura  270  scorrlbar        616
 col screen to cliente        376 col ini :        819  largura  270  scorrlbar        616
 col screen to cliente        378 col ini :        819  largura  270  scorrlbar        616
 col screen to cliente        378 col ini :        819  largura  270  scorrlbar        616
 col screen to cliente        381 col ini :        819  largura  270  scorrlbar        616
 col screen to cliente        383 col ini :        819  largura  270  scorrlbar        616
 col screen to cliente        387 col ini :        819  largura  270  scorrlbar        616
 col screen to cliente        389 col ini :        819  largura  270  scorrlbar        616
 col screen to cliente        393 col ini :        819  largura  270  scorrlbar        616
 col screen to cliente        396 col ini :        819  largura  270  scorrlbar        616
 col screen to cliente        402 col ini :        819  largura  270  scorrlbar        616
 col screen to cliente        405 col ini :        819  largura  270  scorrlbar        616
 col screen to cliente        411 col ini :        819  largura  270  scorrlbar        616
 col screen to cliente        416 col ini :        819  largura  270  scorrlbar        616
 col screen to cliente        420 col ini :        819  largura  270  scorrlbar        616
 col screen to cliente        428 col ini :        819  largura  270  scorrlbar        616
 col screen to cliente        436 col ini :        819  largura  270  scorrlbar        616
 col screen to cliente        443 col ini :        819  largura  270  scorrlbar        616
 col screen to cliente        447 col ini :        819  largura  270  scorrlbar        616
 col screen to cliente        454 col ini :        819  largura  270  scorrlbar        616
 col screen to cliente        457 col ini :        819  largura  270  scorrlbar        616
 col screen to cliente        463 col ini :        819  largura  270  scorrlbar        616
 col screen to cliente        466 col ini :        819  largura  270  scorrlbar        616
 col screen to cliente        469 col ini :        819  largura  270  scorrlbar        616
 col screen to cliente        475 col ini :        819  largura  270  scorrlbar        616
 col screen to cliente        477 col ini :        819  largura  270  scorrlbar        616
 col screen to cliente        484 col ini :        819  largura  270  scorrlbar        616
 col screen to cliente        487 col ini :        819  largura  270  scorrlbar        616
 col screen to cliente        495 col ini :        819  largura  270  scorrlbar        616
 col screen to cliente        499 col ini :        819  largura  270  scorrlbar        616
 col screen to cliente        506 col ini :        819  largura  270  scorrlbar        616
 col screen to cliente        510 col ini :        819  largura  270  scorrlbar        616
 col screen to cliente        514 col ini :        819  largura  270  scorrlbar        616
 col screen to cliente        520 col ini :        819  largura  270  scorrlbar        616
 col screen to cliente        523 col ini :        819  largura  270  scorrlbar        616
 col screen to cliente        529 col ini :        819  largura  270  scorrlbar        616
 col screen to cliente        533 col ini :        819  largura  270  scorrlbar        616
 col screen to cliente        539 col ini :        819  largura  270  scorrlbar        616
 col screen to cliente        542 col ini :        819  largura  270  scorrlbar        616
 col screen to cliente        547 col ini :        819  largura  270  scorrlbar        616
 col screen to cliente        549 col ini :        819  largura  270  scorrlbar        616
 col screen to cliente        554 col ini :        819  largura  270  scorrlbar        616
 col screen to cliente        556 col ini :        819  largura  270  scorrlbar        616
 col screen to cliente        558 col ini :        819  largura  270  scorrlbar        616
 col screen to cliente        560 col ini :        819  largura  270  scorrlbar        616
 col screen to cliente        562 col ini :        819  largura  270  scorrlbar        616
 col screen to cliente        563 col ini :        819  largura  270  scorrlbar        616
 col screen to cliente        568 col ini :        819  largura  270  scorrlbar        616
 col screen to cliente        570 col ini :        819  largura  270  scorrlbar        616
 col screen to cliente        574 col ini :        819  largura  270  scorrlbar        616
 col screen to cliente        576 col ini :        819  largura  270  scorrlbar        616
 col screen to cliente        578 col ini :        819  largura  270  scorrlbar        616
 col screen to cliente        582 col ini :        819  largura  270  scorrlbar        616
 col screen to cliente        584 col ini :        819  largura  270  scorrlbar        616
 col screen to cliente        587 col ini :        819  largura  270  scorrlbar        616
 col screen to cliente        589 col ini :        819  largura  270  scorrlbar        616
 col screen to cliente        591 col ini :        819  largura  270  scorrlbar        616
 col screen to cliente        593 col ini :        819  largura  270  scorrlbar        616
 col screen to cliente        597 col ini :        819  largura  270  scorrlbar        616
 col screen to cliente        598 col ini :        819  largura  270  scorrlbar        616
 col screen to cliente        601 col ini :        819  largura  270  scorrlbar        616
 col screen to cliente        604 col ini :        819  largura  270  scorrlbar        616
 col screen to cliente        606 col ini :        819  largura  270  scorrlbar        616
 col screen to cliente        610 col ini :        819  largura  270  scorrlbar        616
 col screen to cliente        613 col ini :        819  largura  270  scorrlbar        616
 col screen to cliente        617 col ini :        819  largura  270  scorrlbar        616
 col screen to cliente        618 col ini :        819  largura  270  scorrlbar        616
 col screen to cliente        621 col ini :        819  largura  270  scorrlbar        616
 col screen to cliente        622 col ini :        819  largura  270  scorrlbar        616
 col screen to cliente        624 col ini :        819  largura  270  scorrlbar        616
 col screen to cliente        627 col ini :        819  largura  270  scorrlbar        616
 col screen to cliente        630 col ini :        819  largura  270  scorrlbar        616
 col screen to cliente        633 col ini :        819  largura  270  scorrlbar        616
 col screen to cliente        635 col ini :        819  largura  270  scorrlbar        616
 col screen to cliente        637 col ini :        819  largura  270  scorrlbar        616
 col screen to cliente        639 col ini :        819  largura  270  scorrlbar        616
 col screen to cliente        641 col ini :        819  largura  270  scorrlbar        616
 col screen to cliente        642 col ini :        819  largura  270  scorrlbar        616
 col screen to cliente        644 col ini :        819  largura  270  scorrlbar        616
 col screen to cliente        645 col ini :        819  largura  270  scorrlbar        616
 col screen to cliente        648 col ini :        819  largura  270  scorrlbar        616
 col screen to cliente        649 col ini :        819  largura  270  scorrlbar        616
 col screen to cliente        651 col ini :        819  largura  270  scorrlbar        616
 col screen to cliente        652 col ini :        819  largura  270  scorrlbar        616
 col screen to cliente        654 col ini :        819  largura  270  scorrlbar        616
 col screen to cliente        655 col ini :        819  largura  270  scorrlbar        616
 col screen to cliente        657 col ini :        819  largura  270  scorrlbar        616
 col screen to cliente        659 col ini :        819  largura  270  scorrlbar        616
 col screen to cliente        663 col ini :        819  largura  270  scorrlbar        616
 col screen to cliente        664 col ini :        819  largura  270  scorrlbar        616
 col screen to cliente        667 col ini :        819  largura  270  scorrlbar        616
 col screen to cliente        672 col ini :        819  largura  270  scorrlbar        616
 col screen to cliente        674 col ini :        819  largura  270  scorrlbar        616
 col screen to cliente        678 col ini :        819  largura  270  scorrlbar        616
 col screen to cliente        680 col ini :        819  largura  270  scorrlbar        616
 col screen to cliente        684 col ini :        819  largura  270  scorrlbar        616
 col screen to cliente        685 col ini :        819  largura  270  scorrlbar        616
 col screen to cliente        686 col ini :        819  largura  270  scorrlbar        616
 col screen to cliente        689 col ini :        819  largura  270  scorrlbar        616
 col screen to cliente        690 col ini :        819  largura  270  scorrlbar        616
 col screen to cliente        692 col ini :        819  largura  270  scorrlbar        616
 col screen to cliente        694 col ini :        819  largura  270  scorrlbar        616
 col screen to cliente        695 col ini :        819  largura  270  scorrlbar        616
 col screen to cliente        696 col ini :        819  largura  270  scorrlbar        616
 col screen to cliente        699 col ini :        819  largura  270  scorrlbar        616
 col screen to cliente        701 col ini :        819  largura  270  scorrlbar        616
 col screen to cliente        703 col ini :        819  largura  270  scorrlbar        616
 col screen to cliente        704 col ini :        819  largura  270  scorrlbar        616
 col screen to cliente        706 col ini :        819  largura  270  scorrlbar        616
 col screen to cliente        708 col ini :        819  largura  270  scorrlbar        616
 col screen to cliente        709 col ini :        819  largura  270  scorrlbar        616
 col screen to cliente        713 col ini :        819  largura  270  scorrlbar        616
 col screen to cliente        713 col ini :        819  largura  270  scorrlbar        616
 col screen to cliente        716 col ini :        819  largura  270  scorrlbar        616
 col screen to cliente        717 col ini :        819  largura  270  scorrlbar        616
 col screen to cliente        718 col ini :        819  largura  270  scorrlbar        616
 col screen to cliente        720 col ini :        819  largura  270  scorrlbar        616
 col screen to cliente        724 col ini :        819  largura  270  scorrlbar        616
 col screen to cliente        727 col ini :        819  largura  270  scorrlbar        616
 col screen to cliente        733 col ini :        819  largura  270  scorrlbar        616
 col screen to cliente        736 col ini :        819  largura  270  scorrlbar        616
 col screen to cliente        742 col ini :        819  largura  270  scorrlbar        616
 col screen to cliente        745 col ini :        819  largura  270  scorrlbar        616
 col screen to cliente        751 col ini :        819  largura  270  scorrlbar        616
 col screen to cliente        755 col ini :        819  largura  270  scorrlbar        616
 col screen to cliente        762 col ini :        819  largura  270  scorrlbar        616
 col screen to cliente        766 col ini :        819  largura  270  scorrlbar        616
 col screen to cliente        771 col ini :        819  largura  270  scorrlbar        616
 col screen to cliente        774 col ini :        819  largura  270  scorrlbar        616
 col screen to cliente        778 col ini :        819  largura  270  scorrlbar        616
 col screen to cliente        780 col ini :        819  largura  270  scorrlbar        616
 col screen to cliente        785 col ini :        819  largura  270  scorrlbar        616
 col screen to cliente        788 col ini :        819  largura  270  scorrlbar        616
 col screen to cliente        793 col ini :        819  largura  270  scorrlbar        616
 col screen to cliente        796 col ini :        819  largura  270  scorrlbar        616
 col screen to cliente        801 col ini :        819  largura  270  scorrlbar        616
 col screen to cliente        803 col ini :        819  largura  270  scorrlbar        616
 col screen to cliente        807 col ini :        819  largura  270  scorrlbar        616
 col screen to cliente        811 col ini :        819  largura  270  scorrlbar        616
 col screen to cliente        812 col ini :        819  largura  270  scorrlbar        616
 col screen to cliente        815 col ini :        819  largura  270  scorrlbar        616
 col screen to cliente        817 col ini :        819  largura  270  scorrlbar        616
 col screen to cliente        821 col ini :        819  largura  270  scorrlbar        616
 col screen to cliente        822 col ini :        819  largura  270  scorrlbar        616
 col screen to cliente        826 col ini :        819  largura  270  scorrlbar        616
 col screen to cliente        828 col ini :        819  largura  270  scorrlbar        616
 col screen to cliente        832 col ini :        819  largura  270  scorrlbar        616
 col screen to cliente        834 col ini :        819  largura  270  scorrlbar        616
 col screen to cliente        840 col ini :        819  largura  270  scorrlbar        616
 col screen to cliente        846 col ini :        819  largura  270  scorrlbar        616
 col screen to cliente        848 col ini :        819  largura  270  scorrlbar        616
 col screen to cliente        852 col ini :        819  largura  270  scorrlbar        616
 col screen to cliente        854 col ini :        819  largura  270  scorrlbar        616
 col screen to cliente        859 col ini :        819  largura  270  scorrlbar        616
 col screen to cliente        861 col ini :        819  largura  270  scorrlbar        616
 col screen to cliente        866 col ini :        819  largura  270  scorrlbar        616
 col screen to cliente        868 col ini :        819  largura  270  scorrlbar        616
 col screen to cliente        871 col ini :        819  largura  270  scorrlbar        616
 col screen to cliente        873 col ini :        819  largura  270  scorrlbar        616
 col screen to cliente        878 col ini :        819  largura  270  scorrlbar        616
 col screen to cliente        881 col ini :        819  largura  270  scorrlbar        616
 col screen to cliente        884 col ini :        819  largura  270  scorrlbar        616
 col screen to cliente        887 col ini :        819  largura  270  scorrlbar        616
 col screen to cliente        889 col ini :        819  largura  270  scorrlbar        616
 col screen to cliente        893 col ini :        819  largura  270  scorrlbar        616
 col screen to cliente        894 col ini :        819  largura  270  scorrlbar        616
 col screen to cliente        897 col ini :        819  largura  270  scorrlbar        616
 col screen to cliente        898 col ini :        819  largura  270  scorrlbar        616
 col screen to cliente        900 col ini :        819  largura  270  scorrlbar        616
 col screen to cliente        901 col ini :        819  largura  270  scorrlbar        616
 col screen to cliente        903 col ini :        819  largura  270  scorrlbar        616
 col screen to cliente        904 col ini :        819  largura  270  scorrlbar        616
 col screen to cliente        906 col ini :        819  largura  270  scorrlbar        616
 col screen to cliente        906 col ini :        819  largura  270  scorrlbar        616
 col screen to cliente        908 col ini :        819  largura  270  scorrlbar        616
 col screen to cliente        909 col ini :        819  largura  270  scorrlbar        616
 col screen to cliente        910 col ini :        819  largura  270  scorrlbar        616
 col screen to cliente        911 col ini :        819  largura  270  scorrlbar        616
 col screen to cliente        912 col ini :        819  largura  270  scorrlbar        616
 col screen to cliente        913 col ini :        819  largura  270  scorrlbar        616
 col screen to cliente        914 col ini :        819  largura  270  scorrlbar        616
 col screen to cliente        915 col ini :        819  largura  270  scorrlbar        616
 col screen to cliente        916 col ini :        819  largura  270  scorrlbar        616
 col screen to cliente        917 col ini :        819  largura  270  scorrlbar        616
 col screen to cliente        918 col ini :        819  largura  270  scorrlbar        616
 col screen to cliente        919 col ini :        819  largura  270  scorrlbar        616
 col screen to cliente        920 col ini :        819  largura  270  scorrlbar        616
 col screen to cliente        921 col ini :        819  largura  270  scorrlbar        616
 col screen to cliente        923 col ini :        819  largura  270  scorrlbar        616
 col screen to cliente        925 col ini :        819  largura  270  scorrlbar        616
 col screen to cliente        926 col ini :        819  largura  270  scorrlbar        616
 col screen to cliente        929 col ini :        819  largura  270  scorrlbar        616
 col screen to cliente        930 col ini :        819  largura  270  scorrlbar        616
 col screen to cliente        934 col ini :        819  largura  270  scorrlbar        616
 col screen to cliente        937 col ini :        819  largura  270  scorrlbar        616
 col screen to cliente        941 col ini :        819  largura  270  scorrlbar        616
 col screen to cliente        943 col ini :        819  largura  270  scorrlbar        616
 col screen to cliente        947 col ini :        819  largura  270  scorrlbar        616
 col screen to cliente        948 col ini :        819  largura  270  scorrlbar        616
 col screen to cliente        952 col ini :        819  largura  270  scorrlbar        616
 col screen to cliente        954 col ini :        819  largura  270  scorrlbar        616
 col screen to cliente        957 col ini :        819  largura  270  scorrlbar        616
 col screen to cliente        958 col ini :        819  largura  270  scorrlbar        616
 col screen to cliente        962 col ini :        819  largura  270  scorrlbar        616
 col screen to cliente        963 col ini :        819  largura  270  scorrlbar        616
 col screen to cliente        967 col ini :        819  largura  270  scorrlbar        616
 col screen to cliente        968 col ini :        819  largura  270  scorrlbar        616
 col screen to cliente        972 col ini :        819  largura  270  scorrlbar        616
 col screen to cliente        973 col ini :        819  largura  270  scorrlbar        616
 col screen to cliente        978 col ini :        819  largura  270  scorrlbar        616
 col screen to cliente        980 col ini :        819  largura  270  scorrlbar        616
 col screen to cliente       1032 col ini :        819  largura  270  scorrlbar        616
 col screen to cliente       1033 col ini :        819  largura  270  scorrlbar        616
 col screen to cliente       1034 col ini :        819  largura  270  scorrlbar        616
 col screen to cliente       1035 col ini :        819  largura  270  scorrlbar        616
 col screen to cliente       1038 col ini :        819  largura  270  scorrlbar        616
 col screen to cliente       1038 col ini :        819  largura  270  scorrlbar        616
 col screen to cliente       1041 col ini :        819  largura  270  scorrlbar        616
 col screen to cliente       1042 col ini :        819  largura  270  scorrlbar        616
 col screen to cliente       1045 col ini :        819  largura  270  scorrlbar        616
 col screen to cliente       1046 col ini :        819  largura  270  scorrlbar        616
 col screen to cliente       1048 col ini :        819  largura  270  scorrlbar        616
 col screen to cliente       1050 col ini :        819  largura  270  scorrlbar        616
 col screen to cliente       1053 col ini :        819  largura  270  scorrlbar        616
 col screen to cliente       1056 col ini :        819  largura  270  scorrlbar        616
 col screen to cliente       1059 col ini :        819  largura  270  scorrlbar        616
 col screen to cliente       1060 col ini :        819  largura  270  scorrlbar        616
 col screen to cliente       1062 col ini :        819  largura  270  scorrlbar        616
 col screen to cliente       1064 col ini :        819  largura  270  scorrlbar        616
 col screen to cliente       1066 col ini :        819  largura  270  scorrlbar        616
 col screen to cliente       1067 col ini :        819  largura  270  scorrlbar        616
 col screen to cliente       1068 col ini :        819  largura  270  scorrlbar        616
 col screen to cliente       1062 col ini :        819  largura  270  scorrlbar        616
 col screen to cliente       1055 col ini :        819  largura  270  scorrlbar        616
 col screen to cliente       1053 col ini :        819  largura  270  scorrlbar        616
 col screen to cliente       1028 col ini :        819  largura  270  scorrlbar        616
 col screen to cliente       1028 col ini :        819  largura  270  scorrlbar        616
 col screen to cliente        441 col ini :        819  largura  270  scorrlbar        678
 col screen to cliente        441 col ini :        819  largura  270  scorrlbar        678
 col screen to cliente        442 col ini :        819  largura  270  scorrlbar        678
 col screen to cliente        443 col ini :        819  largura  270  scorrlbar        678
 col screen to cliente        445 col ini :        819  largura  270  scorrlbar        678
 col screen to cliente        447 col ini :        819  largura  270  scorrlbar        678
 col screen to cliente        449 col ini :        819  largura  270  scorrlbar        678
 col screen to cliente        452 col ini :        819  largura  270  scorrlbar        678
 col screen to cliente        453 col ini :        819  largura  270  scorrlbar        678
 col screen to cliente        455 col ini :        819  largura  270  scorrlbar        678
 col screen to cliente        456 col ini :        819  largura  270  scorrlbar        678
 col screen to cliente        462 col ini :        819  largura  270  scorrlbar        678
 col screen to cliente        465 col ini :        819  largura  270  scorrlbar        678
 col screen to cliente        470 col ini :        819  largura  270  scorrlbar        678
 col screen to cliente        474 col ini :        819  largura  270  scorrlbar        678
 col screen to cliente        479 col ini :        819  largura  270  scorrlbar        678
 col screen to cliente        490 col ini :        819  largura  270  scorrlbar        678
 col screen to cliente        493 col ini :        819  largura  270  scorrlbar        678
 col screen to cliente        500 col ini :        819  largura  270  scorrlbar        678
 col screen to cliente        502 col ini :        819  largura  270  scorrlbar        678
 col screen to cliente        506 col ini :        819  largura  270  scorrlbar        678
 col screen to cliente        508 col ini :        819  largura  270  scorrlbar        678
 col screen to cliente        511 col ini :        819  largura  270  scorrlbar        678
 col screen to cliente        512 col ini :        819  largura  270  scorrlbar        678
 col screen to cliente        516 col ini :        819  largura  270  scorrlbar        678
 col screen to cliente        517 col ini :        819  largura  270  scorrlbar        678
 col screen to cliente        518 col ini :        819  largura  270  scorrlbar        678
 col screen to cliente        520 col ini :        819  largura  270  scorrlbar        678
 col screen to cliente        520 col ini :        819  largura  270  scorrlbar        678
 col screen to cliente        521 col ini :        819  largura  270  scorrlbar        678
 col screen to cliente        522 col ini :        819  largura  270  scorrlbar        678
 col screen to cliente        523 col ini :        819  largura  270  scorrlbar        678
 col screen to cliente        524 col ini :        819  largura  270  scorrlbar        678
 col screen to cliente        520 col ini :        819  largura  270  scorrlbar        678
 col screen to cliente        516 col ini :        819  largura  270  scorrlbar        678
 col screen to cliente        505 col ini :        819  largura  270  scorrlbar        678
 col screen to cliente        497 col ini :        819  largura  270  scorrlbar        678
 col screen to cliente        441 col ini :        819  largura  270  scorrlbar        678
 col screen to cliente        418 col ini :        819  largura  270  scorrlbar        678
 col screen to cliente        409 col ini :        819  largura  270  scorrlbar        678
 col screen to cliente        402 col ini :        819  largura  270  scorrlbar        678
 col screen to cliente        401 col ini :        819  largura  270  scorrlbar        678
 col screen to cliente        400 col ini :        819  largura  270  scorrlbar        678
 col screen to cliente        400 col ini :        819  largura  270  scorrlbar        678
 col screen to cliente        399 col ini :        819  largura  270  scorrlbar        678
 col screen to cliente        398 col ini :        819  largura  270  scorrlbar        678
 col screen to cliente        406 col ini :        819  largura  270  scorrlbar        678
 col screen to cliente        413 col ini :        819  largura  270  scorrlbar        678
 col screen to cliente        429 col ini :        819  largura  270  scorrlbar        678
 col screen to cliente        437 col ini :        819  largura  270  scorrlbar        678
 col screen to cliente        453 col ini :        819  largura  270  scorrlbar        678
 col screen to cliente        465 col ini :        819  largura  270  scorrlbar        678
 col screen to cliente        472 col ini :        819  largura  270  scorrlbar        678
 col screen to cliente        474 col ini :        819  largura  270  scorrlbar        678
 col screen to cliente        476 col ini :        819  largura  270  scorrlbar        678
 col screen to cliente        477 col ini :        819  largura  270  scorrlbar        678
 col screen to cliente        478 col ini :        819  largura  270  scorrlbar        678
 col screen to cliente        478 col ini :       1089  largura  250  scorrlbar        678
 col screen to cliente        478 col ini :       1089  largura  250  scorrlbar        678
 col screen to cliente        578 col ini :       1089  largura  250  scorrlbar        678
 col screen to cliente        580 col ini :       1089  largura  250  scorrlbar        678
 col screen to cliente        581 col ini :       1089  largura  250  scorrlbar        678
 col screen to cliente        585 col ini :       1089  largura  250  scorrlbar        678
 col screen to cliente        589 col ini :       1089  largura  250  scorrlbar        678
 col screen to cliente        592 col ini :       1089  largura  250  scorrlbar        678
 col screen to cliente        597 col ini :       1089  largura  250  scorrlbar        678
 col screen to cliente        599 col ini :       1089  largura  250  scorrlbar        678
 col screen to cliente        602 col ini :       1089  largura  250  scorrlbar        678
 col screen to cliente        603 col ini :       1089  largura  250  scorrlbar        678
 col screen to cliente        623 col ini :       1089  largura  250  scorrlbar        678
 col screen to cliente        625 col ini :       1089  largura  250  scorrlbar        678
 col screen to cliente        627 col ini :       1089  largura  250  scorrlbar        678
 col screen to cliente        630 col ini :       1089  largura  250  scorrlbar        678
 col screen to cliente        631 col ini :       1089  largura  250  scorrlbar        678
 col screen to cliente        634 col ini :       1089  largura  250  scorrlbar        678
 col screen to cliente        639 col ini :       1089  largura  250  scorrlbar        678
 col screen to cliente        641 col ini :       1089  largura  250  scorrlbar        678
 col screen to cliente        643 col ini :       1089  largura  250  scorrlbar        678
 col screen to cliente        646 col ini :       1089  largura  250  scorrlbar        678
 col screen to cliente        648 col ini :       1089  largura  250  scorrlbar        678
 col screen to cliente        652 col ini :       1089  largura  250  scorrlbar        678
 col screen to cliente        654 col ini :       1089  largura  250  scorrlbar        678
 col screen to cliente        659 col ini :       1089  largura  250  scorrlbar        678
 col screen to cliente        662 col ini :       1089  largura  250  scorrlbar        678
 col screen to cliente        667 col ini :       1089  largura  250  scorrlbar        678
 col screen to cliente        669 col ini :       1089  largura  250  scorrlbar        678
 col screen to cliente        674 col ini :       1089  largura  250  scorrlbar        678
 col screen to cliente        677 col ini :       1089  largura  250  scorrlbar        678
 col screen to cliente        678 col ini :       1089  largura  250  scorrlbar        678
 col screen to cliente        681 col ini :       1089  largura  250  scorrlbar        678
 col screen to cliente        683 col ini :       1089  largura  250  scorrlbar        678
 col screen to cliente        685 col ini :       1089  largura  250  scorrlbar        678
 col screen to cliente        688 col ini :       1089  largura  250  scorrlbar        678
 col screen to cliente        689 col ini :       1089  largura  250  scorrlbar        678
 col screen to cliente        693 col ini :       1089  largura  250  scorrlbar        678
 col screen to cliente        695 col ini :       1089  largura  250  scorrlbar        678
 col screen to cliente        698 col ini :       1089  largura  250  scorrlbar        678
 col screen to cliente        700 col ini :       1089  largura  250  scorrlbar        678
 col screen to cliente        706 col ini :       1089  largura  250  scorrlbar        678
 col screen to cliente        709 col ini :       1089  largura  250  scorrlbar        678
 col screen to cliente        712 col ini :       1089  largura  250  scorrlbar        678
 col screen to cliente        720 col ini :       1089  largura  250  scorrlbar        678
 col screen to cliente        723 col ini :       1089  largura  250  scorrlbar        678
 col screen to cliente        728 col ini :       1089  largura  250  scorrlbar        678
 col screen to cliente        731 col ini :       1089  largura  250  scorrlbar        678
 col screen to cliente        735 col ini :       1089  largura  250  scorrlbar        678
 col screen to cliente        736 col ini :       1089  largura  250  scorrlbar        678
 col screen to cliente        740 col ini :       1089  largura  250  scorrlbar        678
 col screen to cliente        742 col ini :       1089  largura  250  scorrlbar        678
 col screen to cliente        745 col ini :       1089  largura  250  scorrlbar        678
 col screen to cliente        747 col ini :       1089  largura  250  scorrlbar        678
 col screen to cliente        754 col ini :       1089  largura  250  scorrlbar        678
 col screen to cliente        756 col ini :       1089  largura  250  scorrlbar        678
 col screen to cliente        758 col ini :       1089  largura  250  scorrlbar        678
 col screen to cliente        763 col ini :       1089  largura  250  scorrlbar        678
 col screen to cliente        767 col ini :       1089  largura  250  scorrlbar        678
 col screen to cliente        773 col ini :       1089  largura  250  scorrlbar        678
 col screen to cliente        775 col ini :       1089  largura  250  scorrlbar        678
 col screen to cliente        781 col ini :       1089  largura  250  scorrlbar        678
 col screen to cliente        783 col ini :       1089  largura  250  scorrlbar        678
 col screen to cliente        789 col ini :       1089  largura  250  scorrlbar        678
 col screen to cliente        792 col ini :       1089  largura  250  scorrlbar        678
 col screen to cliente        795 col ini :       1089  largura  250  scorrlbar        678
 col screen to cliente        801 col ini :       1089  largura  250  scorrlbar        678
 col screen to cliente        804 col ini :       1089  largura  250  scorrlbar        678
 col screen to cliente        809 col ini :       1089  largura  250  scorrlbar        678
 col screen to cliente        811 col ini :       1089  largura  250  scorrlbar        678
 col screen to cliente        815 col ini :       1089  largura  250  scorrlbar        678
 col screen to cliente        818 col ini :       1089  largura  250  scorrlbar        678
 col screen to cliente        823 col ini :       1089  largura  250  scorrlbar        678
 col screen to cliente        826 col ini :       1089  largura  250  scorrlbar        678
 col screen to cliente        832 col ini :       1089  largura  250  scorrlbar        678
 col screen to cliente        836 col ini :       1089  largura  250  scorrlbar        678
 col screen to cliente        841 col ini :       1089  largura  250  scorrlbar        678
 col screen to cliente        844 col ini :       1089  largura  250  scorrlbar        678
 col screen to cliente        849 col ini :       1089  largura  250  scorrlbar        678
 col screen to cliente        850 col ini :       1089  largura  250  scorrlbar        678
 col screen to cliente        853 col ini :       1089  largura  250  scorrlbar        678
 col screen to cliente        855 col ini :       1089  largura  250  scorrlbar        678
 col screen to cliente        857 col ini :       1089  largura  250  scorrlbar        678
 col screen to cliente        857 col ini :       1089  largura  250  scorrlbar        678
 col screen to cliente        858 col ini :       1089  largura  250  scorrlbar        678
 col screen to cliente        859 col ini :       1089  largura  250  scorrlbar        678
 col screen to cliente        861 col ini :       1089  largura  250  scorrlbar        678
 col screen to cliente        861 col ini :       1089  largura  250  scorrlbar        678
 col screen to cliente        863 col ini :       1089  largura  250  scorrlbar        678
 col screen to cliente        865 col ini :       1089  largura  250  scorrlbar        678
 col screen to cliente        866 col ini :       1089  largura  250  scorrlbar        678
 col screen to cliente        869 col ini :       1089  largura  250  scorrlbar        678
 col screen to cliente        871 col ini :       1089  largura  250  scorrlbar        678
 col screen to cliente        876 col ini :       1089  largura  250  scorrlbar        678
 col screen to cliente        878 col ini :       1089  largura  250  scorrlbar        678
 col screen to cliente        883 col ini :       1089  largura  250  scorrlbar        678
 col screen to cliente        886 col ini :       1089  largura  250  scorrlbar        678
 col screen to cliente        888 col ini :       1089  largura  250  scorrlbar        678
 col screen to cliente        892 col ini :       1089  largura  250  scorrlbar        678
 col screen to cliente        898 col ini :       1089  largura  250  scorrlbar        678
 col screen to cliente        900 col ini :       1089  largura  250  scorrlbar        678
 col screen to cliente        908 col ini :       1089  largura  250  scorrlbar        678
 col screen to cliente        911 col ini :       1089  largura  250  scorrlbar        678
 col screen to cliente        912 col ini :       1089  largura  250  scorrlbar        678
 col screen to cliente        916 col ini :       1089  largura  250  scorrlbar        678
 col screen to cliente        919 col ini :       1089  largura  250  scorrlbar        678
 col screen to cliente        920 col ini :       1089  largura  250  scorrlbar        678
 col screen to cliente        920 col ini :       1089  largura  250  scorrlbar        678
 col screen to cliente        921 col ini :       1089  largura  250  scorrlbar        678
 col screen to cliente        918 col ini :       1089  largura  250  scorrlbar        678
 col screen to cliente        916 col ini :       1089  largura  250  scorrlbar        678
 col screen to cliente        911 col ini :       1089  largura  250  scorrlbar        678
 col screen to cliente        904 col ini :       1089  largura  250  scorrlbar        678
 col screen to cliente        900 col ini :       1089  largura  250  scorrlbar        678
 col screen to cliente        884 col ini :       1089  largura  250  scorrlbar        678
 col screen to cliente        874 col ini :       1089  largura  250  scorrlbar        678
 col screen to cliente        848 col ini :       1089  largura  250  scorrlbar        678
 col screen to cliente        835 col ini :       1089  largura  250  scorrlbar        678
 col screen to cliente        804 col ini :       1089  largura  250  scorrlbar        678
 col screen to cliente        789 col ini :       1089  largura  250  scorrlbar        678
 col screen to cliente        696 col ini :       1089  largura  250  scorrlbar        678
 col screen to cliente        690 col ini :       1089  largura  250  scorrlbar        678
 col screen to cliente        678 col ini :       1089  largura  250  scorrlbar        678
 col screen to cliente        672 col ini :       1089  largura  250  scorrlbar        678
 col screen to cliente        663 col ini :       1089  largura  250  scorrlbar        678
 col screen to cliente         37 col ini :       1089  largura  250  scorrlbar          0
 col screen to cliente         37 col ini :       1089  largura  250  scorrlbar          0
 col screen to cliente         37 col ini :       1089  largura  250  scorrlbar          0
 col screen to cliente         37 col ini :       1089  largura  250  scorrlbar          0
 col screen to cliente         37 col ini :       1089  largura  250  scorrlbar          0
 col screen to cliente         37 col ini :          3  largura  60  scorrlbar          0
 col screen to cliente         37 col ini :          3  largura  60  scorrlbar          0
 col screen to cliente         40 col ini :          3  largura  60  scorrlbar          0
 col screen to cliente         41 col ini :          3  largura  60  scorrlbar          0
 col screen to cliente         44 col ini :          3  largura  60  scorrlbar          0
 col screen to cliente         47 col ini :          3  largura  60  scorrlbar          0
 col screen to cliente         50 col ini :          3  largura  60  scorrlbar          0
 col screen to cliente         53 col ini :          3  largura  60  scorrlbar          0
 col screen to cliente         60 col ini :          3  largura  60  scorrlbar          0
 col screen to cliente         66 col ini :          3  largura  60  scorrlbar          0
 col screen to cliente        256 col ini :          3  largura  60  scorrlbar          0
 col screen to cliente        262 col ini :          3  largura  60  scorrlbar          0
 col screen to cliente        285 col ini :          3  largura  60  scorrlbar          0
 col screen to cliente        312 col ini :          3  largura  60  scorrlbar          0
 col screen to cliente        347 col ini :          3  largura  60  scorrlbar          0
 col screen to cliente        378 col ini :          3  largura  60  scorrlbar          0
 col screen to cliente        423 col ini :          3  largura  60  scorrlbar          0
 col screen to cliente        462 col ini :          3  largura  60  scorrlbar          0
 col screen to cliente        500 col ini :          3  largura  60  scorrlbar          0
 col screen to cliente        563 col ini :          3  largura  60  scorrlbar          0
 col screen to cliente        615 col ini :          3  largura  60  scorrlbar          0
 col screen to cliente        640 col ini :          3  largura  60  scorrlbar          0
 col screen to cliente        657 col ini :          3  largura  60  scorrlbar          0
 col screen to cliente        685 col ini :          3  largura  60  scorrlbar          0
 col screen to cliente        726 col ini :          3  largura  60  scorrlbar          0
 col screen to cliente        762 col ini :          3  largura  60  scorrlbar          0
 col screen to cliente        832 col ini :          3  largura  60  scorrlbar          0
 col screen to cliente        905 col ini :          3  largura  60  scorrlbar          0
 col screen to cliente        909 col ini :          3  largura  60  scorrlbar          0
 col screen to cliente        929 col ini :          3  largura  60  scorrlbar          0
 col screen to cliente        942 col ini :          3  largura  60  scorrlbar          0
 col screen to cliente        955 col ini :          3  largura  60  scorrlbar          0
 col screen to cliente        961 col ini :          3  largura  60  scorrlbar          0
 col screen to cliente        976 col ini :          3  largura  60  scorrlbar          0
 col screen to cliente        976 col ini :          3  largura  60  scorrlbar          0
 col screen to cliente        970 col ini :          3  largura  60  scorrlbar          0
